<?xml version="1.0" encoding="UTF-8"?>
<!-- Generated by org.testng.reporters.JUnitReportReporter -->
<testsuite hostname="Admin" failures="0" tests="6" name="testcase.Testcase1" time="10.361" errors="0" timestamp="2025-07-16T10:51:24 IST" skipped="4">
  <testcase classname="testcase.Testcase1" name="verifyAdminPageContent" time="9.336"/>
  <testcase classname="testcase.Testcase1" name="searchAdminData" time="1.025"/>
  <testcase classname="testcase.Testcase1" name="verifyInvalidCredentialsOnLoginPage">
    <skipped/>
  </testcase> <!-- verifyInvalidCredentialsOnLoginPage -->
  <testcase classname="testcase.Testcase1" name="testcase1">
    <skipped/>
  </testcase> <!-- testcase1 -->
  <testcase classname="testcase.Testcase1" name="verifyForgotPageMsg">
    <skipped/>
  </testcase> <!-- verifyForgotPageMsg -->
  <testcase classname="testcase.Testcase1" name="logoutPage">
    <skipped/>
  </testcase> <!-- logoutPage -->
</testsuite> <!-- testcase.Testcase1 -->
